[INFO] Scanning for projects...
[INFO] 
[INFO] -----------------------< com.carelink:carelink >------------------------
[INFO] Building carelink 0.0.1-SNAPSHOT
[INFO]   from pom.xml
[INFO] --------------------------------[ jar ]---------------------------------
[INFO] 
[INFO] --- resources:3.3.1:resources (default-resources) @ carelink ---
[INFO] Copying 1 resource from src\main\resources to target\classes
[INFO] Copying 0 resource from src\main\resources to target\classes
[INFO] 
[INFO] --- compiler:3.11.0:compile (default-compile) @ carelink ---
[INFO] Changes detected - recompiling the module! :source
[INFO] Compiling 11 source files with javac [debug release 17] to target\classes
[INFO] -------------------------------------------------------------
[ERROR] COMPILATION ERROR : 
[INFO] -------------------------------------------------------------
[ERROR] /D:/CareLink/backend/src/main/java/com/carelink/core/user/AuthDTOs.java:[12,8] class AuthenticationRequest is public, should be declared in a file named AuthenticationRequest.java
[ERROR] /D:/CareLink/backend/src/main/java/com/carelink/core/user/AuthDTOs.java:[21,8] class RegisterRequest is public, should be declared in a file named RegisterRequest.java
[ERROR] /D:/CareLink/backend/src/main/java/com/carelink/core/user/AuthDTOs.java:[32,8] class AuthenticationResponse is public, should be declared in a file named AuthenticationResponse.java
[ERROR] /D:/CareLink/backend/src/main/java/com/carelink/core/user/AuthDTOs.java:[40,8] class UserResponse is public, should be declared in a file named UserResponse.java
[ERROR] /D:/CareLink/backend/src/main/java/com/carelink/core/user/AuthDTOs.java:[52,8] class UpdateUserRequest is public, should be declared in a file named UpdateUserRequest.java
[ERROR] /D:/CareLink/backend/src/main/java/com/carelink/core/user/AuthenticationController.java:[26,32] cannot find symbol
  symbol:   method builder()
  location: class com.carelink.core.user.User
[ERROR] /D:/CareLink/backend/src/main/java/com/carelink/core/user/AuthenticationController.java:[27,50] cannot find symbol
  symbol:   method getUsername()
  location: variable request of type com.carelink.core.user.RegisterRequest
[ERROR] /D:/CareLink/backend/src/main/java/com/carelink/core/user/AuthenticationController.java:[28,47] cannot find symbol
  symbol:   method getEmail()
  location: variable request of type com.carelink.core.user.RegisterRequest
[ERROR] /D:/CareLink/backend/src/main/java/com/carelink/core/user/AuthenticationController.java:[29,73] cannot find symbol
  symbol:   method getPassword()
  location: variable request of type com.carelink.core.user.RegisterRequest
[ERROR] /D:/CareLink/backend/src/main/java/com/carelink/core/user/AuthenticationController.java:[30,59] cannot find symbol
  symbol:   method getRole()
  location: variable request of type com.carelink.core.user.RegisterRequest
[ERROR] /D:/CareLink/backend/src/main/java/com/carelink/core/user/AuthenticationController.java:[35,64] cannot find symbol
  symbol:   method builder()
  location: class com.carelink.core.user.AuthenticationResponse
[ERROR] /D:/CareLink/backend/src/main/java/com/carelink/core/user/AuthenticationController.java:[44,56] cannot find symbol
  symbol:   method getUsername()
  location: variable request of type com.carelink.core.user.AuthenticationRequest
[ERROR] /D:/CareLink/backend/src/main/java/com/carelink/core/user/AuthenticationController.java:[45,56] cannot find symbol
  symbol:   method getPassword()
  location: variable request of type com.carelink.core.user.AuthenticationRequest
[ERROR] /D:/CareLink/backend/src/main/java/com/carelink/core/user/AuthenticationController.java:[46,65] cannot find symbol
  symbol:   method getUsername()
  location: variable request of type com.carelink.core.user.AuthenticationRequest
[ERROR] /D:/CareLink/backend/src/main/java/com/carelink/core/user/AuthenticationController.java:[49,64] cannot find symbol
  symbol:   method builder()
  location: class com.carelink.core.user.AuthenticationResponse
[ERROR] /D:/CareLink/backend/src/main/java/com/carelink/core/user/User.java:[23,8] com.carelink.core.user.User is not abstract and does not override abstract method getUsername() in org.springframework.security.core.userdetails.UserDetails
[ERROR] /D:/CareLink/backend/src/main/java/com/carelink/core/user/UserController.java:[28,30] cannot find symbol
  symbol:   method getEmail()
  location: variable request of type com.carelink.core.user.UpdateUserRequest
[ERROR] /D:/CareLink/backend/src/main/java/com/carelink/core/user/UserController.java:[47,29] cannot find symbol
  symbol:   method isBanned()
  location: variable user of type com.carelink.core.user.User
[ERROR] /D:/CareLink/backend/src/main/java/com/carelink/core/user/UserController.java:[53,28] cannot find symbol
  symbol:   method builder()
  location: class com.carelink.core.user.UserResponse
[ERROR] /D:/CareLink/backend/src/main/java/com/carelink/core/user/UserController.java:[54,25] cannot find symbol
  symbol:   method getId()
  location: variable user of type com.carelink.core.user.User
[ERROR] /D:/CareLink/backend/src/main/java/com/carelink/core/user/UserController.java:[55,31] cannot find symbol
  symbol:   method getUsername()
  location: variable user of type com.carelink.core.user.User
[ERROR] /D:/CareLink/backend/src/main/java/com/carelink/core/user/UserController.java:[56,28] cannot find symbol
  symbol:   method getEmail()
  location: variable user of type com.carelink.core.user.User
[ERROR] /D:/CareLink/backend/src/main/java/com/carelink/core/user/UserController.java:[57,27] cannot find symbol
  symbol:   method getRole()
  location: variable user of type com.carelink.core.user.User
[ERROR] /D:/CareLink/backend/src/main/java/com/carelink/core/user/UserController.java:[58,31] cannot find symbol
  symbol:   method isBanned()
  location: variable user of type com.carelink.core.user.User
[INFO] 24 errors 
[INFO] -------------------------------------------------------------
[INFO] ------------------------------------------------------------------------
[INFO] BUILD FAILURE
[INFO] ------------------------------------------------------------------------
[INFO] Total time:  1.654 s
[INFO] Finished at: 2026-02-21T19:35:37+05:30
[INFO] ------------------------------------------------------------------------
[ERROR] Failed to execute goal org.apache.maven.plugins:maven-compiler-plugin:3.11.0:compile (default-compile) on project carelink: Compilation failure: Compilation failure: 
[ERROR] /D:/CareLink/backend/src/main/java/com/carelink/core/user/AuthDTOs.java:[12,8] class AuthenticationRequest is public, should be declared in a file named AuthenticationRequest.java
[ERROR] /D:/CareLink/backend/src/main/java/com/carelink/core/user/AuthDTOs.java:[21,8] class RegisterRequest is public, should be declared in a file named RegisterRequest.java
[ERROR] /D:/CareLink/backend/src/main/java/com/carelink/core/user/AuthDTOs.java:[32,8] class AuthenticationResponse is public, should be declared in a file named AuthenticationResponse.java
[ERROR] /D:/CareLink/backend/src/main/java/com/carelink/core/user/AuthDTOs.java:[40,8] class UserResponse is public, should be declared in a file named UserResponse.java
[ERROR] /D:/CareLink/backend/src/main/java/com/carelink/core/user/AuthDTOs.java:[52,8] class UpdateUserRequest is public, should be declared in a file named UpdateUserRequest.java
[ERROR] /D:/CareLink/backend/src/main/java/com/carelink/core/user/AuthenticationController.java:[26,32] cannot find symbol
[ERROR]   symbol:   method builder()
[ERROR]   location: class com.carelink.core.user.User
[ERROR] /D:/CareLink/backend/src/main/java/com/carelink/core/user/AuthenticationController.java:[27,50] cannot find symbol
[ERROR]   symbol:   method getUsername()
[ERROR]   location: variable request of type com.carelink.core.user.RegisterRequest
[ERROR] /D:/CareLink/backend/src/main/java/com/carelink/core/user/AuthenticationController.java:[28,47] cannot find symbol
[ERROR]   symbol:   method getEmail()
[ERROR]   location: variable request of type com.carelink.core.user.RegisterRequest
[ERROR] /D:/CareLink/backend/src/main/java/com/carelink/core/user/AuthenticationController.java:[29,73] cannot find symbol
[ERROR]   symbol:   method getPassword()
[ERROR]   location: variable request of type com.carelink.core.user.RegisterRequest
[ERROR] /D:/CareLink/backend/src/main/java/com/carelink/core/user/AuthenticationController.java:[30,59] cannot find symbol
[ERROR]   symbol:   method getRole()
[ERROR]   location: variable request of type com.carelink.core.user.RegisterRequest
[ERROR] /D:/CareLink/backend/src/main/java/com/carelink/core/user/AuthenticationController.java:[35,64] cannot find symbol
[ERROR]   symbol:   method builder()
[ERROR]   location: class com.carelink.core.user.AuthenticationResponse
[ERROR] /D:/CareLink/backend/src/main/java/com/carelink/core/user/AuthenticationController.java:[44,56] cannot find symbol
[ERROR]   symbol:   method getUsername()
[ERROR]   location: variable request of type com.carelink.core.user.AuthenticationRequest
[ERROR] /D:/CareLink/backend/src/main/java/com/carelink/core/user/AuthenticationController.java:[45,56] cannot find symbol
[ERROR]   symbol:   method getPassword()
[ERROR]   location: variable request of type com.carelink.core.user.AuthenticationRequest
[ERROR] /D:/CareLink/backend/src/main/java/com/carelink/core/user/AuthenticationController.java:[46,65] cannot find symbol
[ERROR]   symbol:   method getUsername()
[ERROR]   location: variable request of type com.carelink.core.user.AuthenticationRequest
[ERROR] /D:/CareLink/backend/src/main/java/com/carelink/core/user/AuthenticationController.java:[49,64] cannot find symbol
[ERROR]   symbol:   method builder()
[ERROR]   location: class com.carelink.core.user.AuthenticationResponse
[ERROR] /D:/CareLink/backend/src/main/java/com/carelink/core/user/User.java:[23,8] com.carelink.core.user.User is not abstract and does not override abstract method getUsername() in org.springframework.security.core.userdetails.UserDetails
[ERROR] /D:/CareLink/backend/src/main/java/com/carelink/core/user/UserController.java:[28,30] cannot find symbol
[ERROR]   symbol:   method getEmail()
[ERROR]   location: variable request of type com.carelink.core.user.UpdateUserRequest
[ERROR] /D:/CareLink/backend/src/main/java/com/carelink/core/user/UserController.java:[47,29] cannot find symbol
[ERROR]   symbol:   method isBanned()
[ERROR]   location: variable user of type com.carelink.core.user.User
[ERROR] /D:/CareLink/backend/src/main/java/com/carelink/core/user/UserController.java:[53,28] cannot find symbol
[ERROR]   symbol:   method builder()
[ERROR]   location: class com.carelink.core.user.UserResponse
[ERROR] /D:/CareLink/backend/src/main/java/com/carelink/core/user/UserController.java:[54,25] cannot find symbol
[ERROR]   symbol:   method getId()
[ERROR]   location: variable user of type com.carelink.core.user.User
[ERROR] /D:/CareLink/backend/src/main/java/com/carelink/core/user/UserController.java:[55,31] cannot find symbol
[ERROR]   symbol:   method getUsername()
[ERROR]   location: variable user of type com.carelink.core.user.User
[ERROR] /D:/CareLink/backend/src/main/java/com/carelink/core/user/UserController.java:[56,28] cannot find symbol
[ERROR]   symbol:   method getEmail()
[ERROR]   location: variable user of type com.carelink.core.user.User
[ERROR] /D:/CareLink/backend/src/main/java/com/carelink/core/user/UserController.java:[57,27] cannot find symbol
[ERROR]   symbol:   method getRole()
[ERROR]   location: variable user of type com.carelink.core.user.User
[ERROR] /D:/CareLink/backend/src/main/java/com/carelink/core/user/UserController.java:[58,31] cannot find symbol
[ERROR]   symbol:   method isBanned()
[ERROR]   location: variable user of type com.carelink.core.user.User
[ERROR] -> [Help 1]
[ERROR] 
[ERROR] To see the full stack trace of the errors, re-run Maven with the -e switch.
[ERROR] Re-run Maven using the -X switch to enable full debug logging.
[ERROR] 
[ERROR] For more information about the errors and possible solutions, please read the following articles:
[ERROR] [Help 1] http://cwiki.apache.org/confluence/display/MAVEN/MojoFailureException
