[INFO] Scanning for projects...
[INFO] 
[INFO] -----------------------< com.carelink:carelink >------------------------
[INFO] Building carelink 0.0.1-SNAPSHOT
[INFO]   from pom.xml
[INFO] --------------------------------[ jar ]---------------------------------
[INFO] 
[INFO] >>> spring-boot:3.2.0:run (default-cli) > test-compile @ carelink >>>
[INFO] 
[INFO] --- resources:3.3.1:resources (default-resources) @ carelink ---
[INFO] Copying 1 resource from src\main\resources to target\classes
[INFO] Copying 0 resource from src\main\resources to target\classes
[INFO] 
[INFO] --- compiler:3.11.0:compile (default-compile) @ carelink ---
[INFO] Changes detected - recompiling the module! :source
[INFO] Compiling 11 source files with javac [debug release 17] to target\classes
[INFO] -------------------------------------------------------------
[ERROR] COMPILATION ERROR : 
[INFO] -------------------------------------------------------------
[ERROR] /D:/CareLink/backend/src/main/java/com/carelink/core/user/AuthDTOs.java:[180,20] incompatible types: com.carelink.core.user.UserResponse cannot be converted to com.carelink.core.user.User
[ERROR] /D:/CareLink/backend/src/main/java/com/carelink/core/user/UserController.java:[59,23] incompatible types: com.carelink.core.user.User cannot be converted to com.carelink.core.user.UserResponse
[INFO] 2 errors 
[INFO] -------------------------------------------------------------
[INFO] ------------------------------------------------------------------------
[INFO] BUILD FAILURE
[INFO] ------------------------------------------------------------------------
[INFO] Total time:  1.797 s
[INFO] Finished at: 2026-02-21T19:42:04+05:30
[INFO] ------------------------------------------------------------------------
[ERROR] Failed to execute goal org.apache.maven.plugins:maven-compiler-plugin:3.11.0:compile (default-compile) on project carelink: Compilation failure: Compilation failure: 
[ERROR] /D:/CareLink/backend/src/main/java/com/carelink/core/user/AuthDTOs.java:[180,20] incompatible types: com.carelink.core.user.UserResponse cannot be converted to com.carelink.core.user.User
[ERROR] /D:/CareLink/backend/src/main/java/com/carelink/core/user/UserController.java:[59,23] incompatible types: com.carelink.core.user.User cannot be converted to com.carelink.core.user.UserResponse
[ERROR] -> [Help 1]
[ERROR] 
[ERROR] To see the full stack trace of the errors, re-run Maven with the -e switch.
[ERROR] Re-run Maven using the -X switch to enable full debug logging.
[ERROR] 
[ERROR] For more information about the errors and possible solutions, please read the following articles:
[ERROR] [Help 1] http://cwiki.apache.org/confluence/display/MAVEN/MojoFailureException
